<?xml version="1.0" encoding="UTF-8"?>
<testsuite xmlns:xsi="http://www.w3.org/2001/XMLSchema-instance" xsi:noNamespaceSchemaLocation="https://maven.apache.org/surefire/maven-surefire-plugin/xsd/surefire-test-report.xsd" version="3.0.2" name="io.cucumber.junit.platform.engine.CucumberTestEngine" time="0.394" tests="30" errors="0" skipped="0" failures="0">
  <properties>
[...]
</properties>
  <testcase name="Status på aktivitet - Medarbejder markerer aktivitet som færdig" classname="Status på aktivitet" time="0.143">
    <system-err><![CDATA[May 08, 2025 8:19:27 PM io.cucumber.junit.platform.engine.DiscoverySelectorResolver warnWhenCucumberFeaturesPropertyIsUsed
WARNING: Discovering tests using the cucumber.features property. Other discovery selectors are ignored!

This is a work around for the limited JUnit 5 support in Maven and Gradle. Please request/upvote/sponsor/ect better support for JUnit 5 discovery selectors. For details see: https://github.com/cucumber/cucumber-jvm/pull/2498

If you are using the JUnit 5 Suite Engine, Platform Launcher API or Console Launcher you should not use this property. Please consult the JUnit 5 documentation on test selection.
]]></system-err>
  </testcase>
  <testcase name="Status på aktivitet - Projektleder godkender aktivitet" classname="Status på aktivitet" time="0.009"/>
  <testcase name="Status på aktivitet - Projektleder afviser aktivitet" classname="Status på aktivitet" time="0.008"/>
  <testcase name="Status på aktivitet - Medarbejder markerer afvist aktivitet som færdig igen" classname="Status på aktivitet" time="0.008"/>
  <testcase name="Tilføj aktivitet til projekt og udvidet funktionalitet - Projektleder tilføjer en ny aktivitet" classname="Tilføj aktivitet til projekt og udvidet funktionalitet" time="0.01"/>
  <testcase name="Tilføj aktivitet til projekt og udvidet funktionalitet - Aktivitetens start- og slutdatoer er korrekte" classname="Tilføj aktivitet til projekt og udvidet funktionalitet" time="0.007"/>
  <testcase name="Tilføj aktivitet til projekt og udvidet funktionalitet - Registreret tid på bestemt dato" classname="Tilføj aktivitet til projekt og udvidet funktionalitet" time="0.019"/>
  <testcase name="Tilføj aktivitet til projekt og udvidet funktionalitet - Beregn færdiggørelsesprocent" classname="Tilføj aktivitet til projekt og udvidet funktionalitet" time="0.008"/>
  <testcase name="Tilføj aktivitet til projekt og udvidet funktionalitet - Aktiviteten er markeret som færdig" classname="Tilføj aktivitet til projekt og udvidet funktionalitet" time="0.004"/>
  <testcase name="Tilføj aktivitet til projekt og udvidet funktionalitet - Fejl hvis projekt ikke findes" classname="Tilføj aktivitet til projekt og udvidet funktionalitet" time="0.005"/>
  <testcase name="Tilføj aktivitet til projekt og udvidet funktionalitet - Kun projektleder må tilføje aktiviteter" classname="Tilføj aktivitet til projekt og udvidet funktionalitet" time="0.004"/>
  <testcase name="Tildel medarbejder til aktivitet - Projektleder tildeler en medarbejder til en aktivitet" classname="Tildel medarbejder til aktivitet" time="0.004"/>
  <testcase name="Tildel medarbejder til aktivitet - Hent alle registrerede medarbejdere" classname="Tildel medarbejder til aktivitet" time="0.004"/>
  <testcase name="Opret projekt - En projektleder opretter et nyt projekt" classname="Opret projekt" time="0.004"/>
  <testcase name="Opret projekt - Fejl hvis man forsøger at oprette et projekt der allerede findes" classname="Opret projekt" time="0.004"/>
  <testcase name="Opret projekt - Forespørgsel på projektleder for ikke-eksisterende projekt" classname="Opret projekt" time="0.004"/>
  <testcase name="Opret projekt - Brugeren forsøger at hente projektleder på ikke-eksisterende projekt" classname="Opret projekt" time="0.004"/>
  <testcase name="Opret projekt - Hent alle projektnavne" classname="Opret projekt" time="0.004"/>
  <testcase name="Lighed mellem medarbejdere - To medarbejdere med samme initialer er lig hinanden" classname="Lighed mellem medarbejdere" time="0.0"/>
  <testcase name="Lighed mellem medarbejdere - To medarbejdere med forskellige initialer er ikke lig hinanden" classname="Lighed mellem medarbejdere" time="0.008"/>
  <testcase name="Lighed mellem medarbejdere - Sammenligning med et objekt af en anden type" classname="Lighed mellem medarbejdere" time="0.0"/>
  <testcase name="Lighed mellem medarbejdere - Tjek om en medarbejder er projektleder" classname="Lighed mellem medarbejdere" time="0.005"/>
  <testcase name="Login - En ny bruger logger ind" classname="Login" time="0.004"/>
  <testcase name="Login - En eksisterende bruger logger ind" classname="Login" time="0.0"/>
  <testcase name="Projektmedlemskab og tildeling - Projektlederen bliver automatisk tilføjet til sit eget projekt" classname="Projektmedlemskab og tildeling" time="0.004"/>
  <testcase name="Projektmedlemskab og tildeling - Kan ikke tildele medarbejder som ikke er en del af projektet" classname="Projektmedlemskab og tildeling" time="0.004"/>
  <testcase name="Registrer tid på en aktivitet - Medarbejderen registrerer tid korrekt" classname="Registrer tid på en aktivitet" time="0.009"/>
  <testcase name="Registrer tid på en aktivitet - Medarbejderen forsøger at registrere tid på godkendt aktivitet" classname="Registrer tid på en aktivitet" time="0.0"/>
  <testcase name="Se aktiviteter i projektet - Projektleder ser alle aktiviteter i projektet" classname="Se aktiviteter i projektet" time="0.008"/>
  <testcase name="Se aktiviteter i projektet - Medarbejder ser sine tildelte aktiviteter" classname="Se aktiviteter i projektet" time="0.0"/>
</testsuite>