<?xml version="1.0" encoding="UTF-8"?>
<testsuite xmlns:xsi="http://www.w3.org/2001/XMLSchema-instance" xsi:noNamespaceSchemaLocation="https://maven.apache.org/surefire/maven-surefire-plugin/xsd/surefire-test-report.xsd" version="3.0.2" name="io.cucumber.junit.platform.engine.CucumberTestEngine" time="0.444" tests="40" errors="0" skipped="0" failures="0">
  <properties>
[...]
</properties>
  <testcase name="Medarbejderhåndtering - En ny bruger logger ind" classname="Medarbejderhåndtering" time="0.115">
    <system-err><![CDATA[May 10, 2025 9:48:47 PM io.cucumber.junit.platform.engine.DiscoverySelectorResolver warnWhenCucumberFeaturesPropertyIsUsed
WARNING: Discovering tests using the cucumber.features property. Other discovery selectors are ignored!

This is a work around for the limited JUnit 5 support in Maven and Gradle. Please request/upvote/sponsor/ect better support for JUnit 5 discovery selectors. For details see: https://github.com/cucumber/cucumber-jvm/pull/2498

If you are using the JUnit 5 Suite Engine, Platform Launcher API or Console Launcher you should not use this property. Please consult the JUnit 5 documentation on test selection.
]]></system-err>
  </testcase>
  <testcase name="Medarbejderhåndtering - En eksisterende bruger logger ind" classname="Medarbejderhåndtering" time="0.009"/>
  <testcase name="Medarbejderhåndtering - Initialer er gyldige" classname="Medarbejderhåndtering" time="0.01"/>
  <testcase name="Medarbejderhåndtering - To medarbejdere med samme initialer er lig hinanden" classname="Medarbejderhåndtering" time="0.004"/>
  <testcase name="Medarbejderhåndtering - To medarbejdere med forskellige initialer er ikke lig hinanden" classname="Medarbejderhåndtering" time="0.011"/>
  <testcase name="Medarbejderhåndtering - Sammenligning med et objekt af en anden type" classname="Medarbejderhåndtering" time="0.007"/>
  <testcase name="Medarbejderhåndtering - Tjek om en medarbejder er projektleder" classname="Medarbejderhåndtering" time="0.004"/>
  <testcase name="Medarbejderhåndtering - Initialer er ugyldige - Examples - Example #1.1" classname="Medarbejderhåndtering - Initialer er ugyldige - Examples" time="0.007"/>
  <testcase name="Medarbejderhåndtering - Initialer er ugyldige - Examples - Example #1.2" classname="Medarbejderhåndtering - Initialer er ugyldige - Examples" time="0.005"/>
  <testcase name="Medarbejderhåndtering - Initialer er ugyldige - Examples - Example #1.3" classname="Medarbejderhåndtering - Initialer er ugyldige - Examples" time="0.005"/>
  <testcase name="Medarbejderhåndtering - Initialer er ugyldige - Examples - Example #1.4" classname="Medarbejderhåndtering - Initialer er ugyldige - Examples" time="0.005"/>
  <testcase name="Medarbejderhåndtering - Initialer er ugyldige - Examples - Example #1.5" classname="Medarbejderhåndtering - Initialer er ugyldige - Examples" time="0.005"/>
  <testcase name="Aktivitetshåndtering med status og tid - Aktivitet oprettes korrekt og viser metadata" classname="Aktivitetshåndtering med status og tid" time="0.023"/>
  <testcase name="Aktivitetshåndtering med status og tid - Medarbejder registrerer tid og færdiggørelse spores" classname="Aktivitetshåndtering med status og tid" time="0.02"/>
  <testcase name="Aktivitetshåndtering med status og tid - Statusflow for færdiggørelse, godkendelse og afvisning" classname="Aktivitetshåndtering med status og tid" time="0.005"/>
  <testcase name="Aktivitetshåndtering med status og tid - Projektlederen må oprette, men andre får fejl" classname="Aktivitetshåndtering med status og tid" time="0.004"/>
  <testcase name="Aktivitetshåndtering med status og tid - Fejl ved ikke-eksisterende projekt" classname="Aktivitetshåndtering med status og tid" time="0.004"/>
  <testcase name="Projekttilgængelighed og aktivitetstilknytning - Projektlederen kan se sit eget projekt" classname="Projekttilgængelighed og aktivitetstilknytning" time="0.004"/>
  <testcase name="Projekttilgængelighed og aktivitetstilknytning - En medarbejder tilknyttet til et projekt kan se det" classname="Projekttilgængelighed og aktivitetstilknytning" time="0.004"/>
  <testcase name="Projekttilgængelighed og aktivitetstilknytning - Medarbejder uden aktiviteter vises som ledig" classname="Projekttilgængelighed og aktivitetstilknytning" time="0.003"/>
  <testcase name="Projekttilgængelighed og aktivitetstilknytning - Medarbejder med én aktivitet vises korrekt" classname="Projekttilgængelighed og aktivitetstilknytning" time="0.004"/>
  <testcase name="Projekttilgængelighed og aktivitetstilknytning - Medarbejder med flere aktiviteter vises med alle aktiviteter" classname="Projekttilgængelighed og aktivitetstilknytning" time="0.005"/>
  <testcase name="Projekttilgængelighed og aktivitetstilknytning - Tjek om en aktivitet eksisterer i et projekt" classname="Projekttilgængelighed og aktivitetstilknytning" time="0.003"/>
  <testcase name="Projekttilgængelighed og aktivitetstilknytning - Tjek at en aktivitet ikke eksisterer i et projekt" classname="Projekttilgængelighed og aktivitetstilknytning" time="0.004"/>
  <testcase name="Projektoprettelse og medlemskab - En projektleder opretter et nyt projekt" classname="Projektoprettelse og medlemskab" time="0.004"/>
  <testcase name="Projektoprettelse og medlemskab - Projektlederen bliver automatisk tilføjet til sit eget projekt" classname="Projektoprettelse og medlemskab" time="0.004"/>
  <testcase name="Projektoprettelse og medlemskab - Fejl hvis man forsøger at oprette et projekt der allerede findes" classname="Projektoprettelse og medlemskab" time="0.003"/>
  <testcase name="Projektoprettelse og medlemskab - Forespørgsel på projektleder for ikke-eksisterende projekt" classname="Projektoprettelse og medlemskab" time="0.004"/>
  <testcase name="Projektoprettelse og medlemskab - Brugeren forsøger at hente projektleder på ikke-eksisterende projekt" classname="Projektoprettelse og medlemskab" time="0.003"/>
  <testcase name="Projektoprettelse og medlemskab - Hent alle projektnavne" classname="Projektoprettelse og medlemskab" time="0.003"/>
  <testcase name="Projektoprettelse og medlemskab - Kan ikke tildele medarbejder som ikke er en del af projektet" classname="Projektoprettelse og medlemskab" time="0.004"/>
  <testcase name="Projektoprettelse og medlemskab - Tilføj medarbejder til projekt og verificer medlemskab" classname="Projektoprettelse og medlemskab" time="0.004"/>
  <testcase name="Tidsregistrering og projektrapport - Medarbejder registrerer tid på aktivitet" classname="Tidsregistrering og projektrapport" time="0.009"/>
  <testcase name="Tidsregistrering og projektrapport - Ingen yderligere registrering hvis aktiviteten er godkendt" classname="Tidsregistrering og projektrapport" time="0.01"/>
  <testcase name="Tidsregistrering og projektrapport - Rapportfejl ved manglende projekt" classname="Tidsregistrering og projektrapport" time="0.006"/>
  <testcase name="Tidsregistrering og projektrapport - Rapportfejl hvis bruger ikke er projektleder" classname="Tidsregistrering og projektrapport" time="0.005"/>
  <testcase name="Tidsregistrering og projektrapport - Rapportfejl hvis projektet er tomt" classname="Tidsregistrering og projektrapport" time="0.005"/>
  <testcase name="Tidsregistrering og projektrapport - Udførlig projektrapport for aktivt projekt" classname="Tidsregistrering og projektrapport" time="0.016"/>
  <testcase name="Se aktiviteter i projektet - Projektleder ser alle aktiviteter i projektet" classname="Se aktiviteter i projektet" time="0.007"/>
  <testcase name="Se aktiviteter i projektet - Medarbejder ser sine tildelte aktiviteter" classname="Se aktiviteter i projektet" time="0.004"/>
</testsuite>